#
# There is insufficient memory for the Java Runtime Environment to continue.
# Native memory allocation (mmap) failed to map 132120576 bytes. Error detail: G1 virtual space
# Possible reasons:
#   The system is out of physical RAM or swap space
#   This process is running with CompressedOops enabled, and the Java Heap may be blocking the growth of the native heap
# Possible solutions:
#   Reduce memory load on the system
#   Increase physical memory or swap space
#   Check if swap backing store is full
#   Decrease Java heap size (-Xmx/-Xms)
#   Decrease number of Java threads
#   Decrease Java thread stack sizes (-Xss)
#   Set larger code cache with -XX:ReservedCodeCacheSize=
#   JVM is running with Unscaled Compressed Oops mode in which the Java heap is
#     placed in the first 4GB address space. The Java Heap base address is the
#     maximum limit for the native heap growth. Please use -XX:HeapBaseMinAddress
#     to set the Java Heap base and to place the Java Heap above 4GB virtual address.
# This output file may be truncated or incomplete.
#
#  Out of Memory Error (os_windows.cpp:3707), pid=14432, tid=20524
#
# JRE version:  (23.0.2+7) (build )
# Java VM: OpenJDK 64-Bit Server VM (23.0.2+7-58, mixed mode, emulated-client, sharing, tiered, compressed oops, compressed class ptrs, g1 gc, windows-amd64)
# No core dump will be written. Minidumps are not enabled by default on client versions of Windows
#

---------------  S U M M A R Y ------------

Command Line: -agentlib:jdwp=transport=dt_socket,address=127.0.0.1:64838,suspend=y,server=n -XX:TieredStopAtLevel=1 -Dspring.output.ansi.enabled=always -Dcom.sun.management.jmxremote -Dspring.jmx.enabled=true -Dspring.liveBeansView.mbeanDomain -Dspring.application.admin.enabled=true -Dmanagement.endpoints.jmx.exposure.include=* -javaagent:C:\Users\user\AppData\Local\JetBrains\IntelliJIdea2024.1\captureAgent\debugger-agent.jar=file:/C:/Users/user/AppData/Local/Temp/capture.props -Dfile.encoding=UTF-8 -Dsun.stdout.encoding=UTF-8 -Dsun.stderr.encoding=UTF-8 org.example.command_micro.CommandMicroApplication

Host: 11th Gen Intel(R) Core(TM) i5-1135G7 @ 2.40GHz, 8 cores, 7G,  Windows 10 , 64 bit Build 19041 (10.0.19041.5438)
Time: Wed Mar  5 10:19:40 2025 Morocco Standard Time elapsed time: 0.075646 seconds (0d 0h 0m 0s)

---------------  T H R E A D  ---------------

Current thread (0x000001ed77723a10):  JavaThread "Unknown thread" [_thread_in_vm, id=20524, stack(0x000000085d500000,0x000000085d600000) (1024K)]

Stack: [0x000000085d500000,0x000000085d600000]
Native frames: (J=compiled Java code, j=interpreted, Vv=VM code, C=native code)
V  [jvm.dll+0x6e0b99]  (no source info available)
V  [jvm.dll+0x87e2b3]  (no source info available)
V  [jvm.dll+0x88073e]  (no source info available)
V  [jvm.dll+0x880e13]  (no source info available)
V  [jvm.dll+0x27b006]  (no source info available)
V  [jvm.dll+0x6dd485]  (no source info available)
V  [jvm.dll+0x6d127a]  (no source info available)
V  [jvm.dll+0x35b50a]  (no source info available)
V  [jvm.dll+0x363916]  (no source info available)
V  [jvm.dll+0x34fe7e]  (no source info available)
V  [jvm.dll+0x350118]  (no source info available)
V  [jvm.dll+0x328aec]  (no source info available)
V  [jvm.dll+0x32978e]  (no source info available)
V  [jvm.dll+0x8449a5]  (no source info available)
V  [jvm.dll+0x3b9a08]  (no source info available)
V  [jvm.dll+0x82d68c]  (no source info available)
V  [jvm.dll+0x454f2e]  (no source info available)
V  [jvm.dll+0x456db1]  (no source info available)
C  [jli.dll+0x52a3]  (no source info available)
C  [ucrtbase.dll+0x21bb2]  (no source info available)
C  [KERNEL32.DLL+0x17374]  (no source info available)
C  [ntdll.dll+0x4cc91]  (no source info available)

Lock stack of current Java thread (top to bottom):


---------------  P R O C E S S  ---------------

Threads class SMR info:
_java_thread_list=0x00007ff9671b4618, length=0, elements={
}

Java Threads: ( => current thread )
Total: 0

Other Threads:
  0x000001ed79965120 WorkerThread "GC Thread#0"                     [id=17624, stack(0x000000085d600000,0x000000085d700000) (1024K)]
  0x000001ed777dde00 ConcurrentGCThread "G1 Main Marker"            [id=15080, stack(0x000000085d700000,0x000000085d800000) (1024K)]
  0x000001ed777de820 WorkerThread "G1 Conc#0"                       [id=17356, stack(0x000000085d800000,0x000000085d900000) (1024K)]

[error occurred during error reporting (printing all threads), id 0xc0000005, EXCEPTION_ACCESS_VIOLATION (0xc0000005) at pc=0x00007ff9668fc0da]
VM state: not at safepoint (not fully initialized)

VM Mutex/Monitor currently owned by a thread:  ([mutex/lock_event])
[0x00007ff967234988] Heap_lock - owner thread: 0x000001ed77723a10

Heap address: 0x0000000083c00000, size: 1988 MB, Compressed Oops mode: 32-bit

CDS archive(s) mapped at: [0x0000000000000000-0x0000000000000000-0x0000000000000000), size 0, SharedBaseAddress: 0x0000000800000000, ArchiveRelocationMode: 1.
Narrow klass base: 0x0000000000000000, Narrow klass shift: 0, Narrow klass range: 0x0

GC Precious Log:
 CardTable entry size: 512
 Card Set container configuration: InlinePtr #cards 5 size 8 Array Of Cards #cards 10 size 36 Howl #buckets 4 coarsen threshold 1843 Howl Bitmap #cards 512 size 80 coarsen threshold 460 Card regions per heap region 1 cards per card region 2048

Heap:
 garbage-first heap   total reserved 2035712K, committed 0K, used 0K [0x0000000083c00000, 0x0000000100000000)
  region size 1024K, 0 young (0K), 0 survivors (0K)

[error occurred during error reporting (printing heap information), id 0xc0000005, EXCEPTION_ACCESS_VIOLATION (0xc0000005) at pc=0x00007ff966cfc6a9]
GC Heap History (0 events):
No events

Dll operation events (2 events):
Event: 0.070 Loaded shared library C:\Users\user\.jdks\openjdk-23.0.2\bin\java.dll
Event: 0.071 Loaded shared library C:\Users\user\.jdks\openjdk-23.0.2\bin\zip.dll

Deoptimization events (0 events):
No events

Classes loaded (0 events):
No events

Classes unloaded (0 events):
No events

Classes redefined (0 events):
No events

Internal exceptions (0 events):
No events

VM Operations (0 events):
No events

Memory protections (0 events):
No events

Nmethod flushes (0 events):
No events

Events (0 events):
No events


Dynamic libraries:
0x00007ff7f08c0000 - 0x00007ff7f08ce000 	C:\Users\user\.jdks\openjdk-23.0.2\bin\java.exe
0x00007ff9d8230000 - 0x00007ff9d8428000 	C:\Windows\SYSTEM32\ntdll.dll
0x00007ff9d80c0000 - 0x00007ff9d8182000 	C:\Windows\System32\KERNEL32.DLL
0x00007ff9d5db0000 - 0x00007ff9d60af000 	C:\Windows\System32\KERNELBASE.dll
0x00007ff9d6120000 - 0x00007ff9d6220000 	C:\Windows\System32\ucrtbase.dll
0x00007ff9cf350000 - 0x00007ff9cf36b000 	C:\Users\user\.jdks\openjdk-23.0.2\bin\VCRUNTIME140.dll
0x00007ff9cf370000 - 0x00007ff9cf387000 	C:\Users\user\.jdks\openjdk-23.0.2\bin\jli.dll
0x00007ff9d6b80000 - 0x00007ff9d6d1d000 	C:\Windows\System32\USER32.dll
0x00007ff9d6220000 - 0x00007ff9d6242000 	C:\Windows\System32\win32u.dll
0x00007ff9a4700000 - 0x00007ff9a499a000 	C:\Windows\WinSxS\amd64_microsoft.windows.common-controls_6595b64144ccf1df_6.0.19041.4355_none_60b8b9eb71f62e16\COMCTL32.dll
0x00007ff9d7190000 - 0x00007ff9d71bb000 	C:\Windows\System32\GDI32.dll
0x00007ff9d5ad0000 - 0x00007ff9d5bea000 	C:\Windows\System32\gdi32full.dll
0x00007ff9d6a00000 - 0x00007ff9d6a9e000 	C:\Windows\System32\msvcrt.dll
0x00007ff9d58d0000 - 0x00007ff9d596d000 	C:\Windows\System32\msvcp_win.dll
0x00007ff9d7130000 - 0x00007ff9d715f000 	C:\Windows\System32\IMM32.DLL
0x00007ff9cf340000 - 0x00007ff9cf34c000 	C:\Users\user\.jdks\openjdk-23.0.2\bin\vcruntime140_1.dll
0x00007ff9ce2e0000 - 0x00007ff9ce36e000 	C:\Users\user\.jdks\openjdk-23.0.2\bin\msvcp140.dll
0x00007ff9665c0000 - 0x00007ff967310000 	C:\Users\user\.jdks\openjdk-23.0.2\bin\server\jvm.dll
0x00007ff9d6540000 - 0x00007ff9d65ef000 	C:\Windows\System32\ADVAPI32.dll
0x00007ff9d7290000 - 0x00007ff9d732f000 	C:\Windows\System32\sechost.dll
0x00007ff9d6410000 - 0x00007ff9d6533000 	C:\Windows\System32\RPCRT4.dll

dbghelp: none




